<?xml version="1.0" encoding="UTF-8"?>
<coverage generated="1633565915298" clover="3.2.0">
  <project timestamp="1633565915299" name="All files">
    <metrics statements="72" coveredstatements="70" conditionals="25" coveredconditionals="20" methods="13" coveredmethods="13" elements="110" coveredelements="103" complexity="0" loc="72" ncloc="72" packages="4" files="7" classes="7"/>
    <package name="src">
      <metrics statements="30" coveredstatements="28" conditionals="3" coveredconditionals="2" methods="3" coveredmethods="3"/>
      <file name="app.ts" path="C:\Users\Arek\Desktop\react practice\zadanie-rekrutacyjne-brainhub\server\src\app.ts">
        <metrics statements="28" coveredstatements="28" conditionals="3" coveredconditionals="2" methods="3" coveredmethods="3"/>
        <line num="1" count="1" type="stmt"/>
        <line num="2" count="1" type="stmt"/>
        <line num="3" count="1" type="stmt"/>
        <line num="4" count="1" type="stmt"/>
        <line num="5" count="1" type="stmt"/>
        <line num="7" count="1" type="cond" truecount="0" falsecount="1"/>
        <line num="9" count="4" type="stmt"/>
        <line num="10" count="4" type="stmt"/>
        <line num="11" count="4" type="stmt"/>
        <line num="12" count="4" type="stmt"/>
        <line num="15" count="4" type="stmt"/>
        <line num="16" count="4" type="stmt"/>
        <line num="17" count="4" type="stmt"/>
        <line num="18" count="4" type="stmt"/>
        <line num="22" count="4" type="stmt"/>
        <line num="23" count="4" type="stmt"/>
        <line num="24" count="4" type="stmt"/>
        <line num="27" count="4" type="stmt"/>
        <line num="28" count="4" type="stmt"/>
        <line num="29" count="4" type="stmt"/>
        <line num="30" count="2" type="stmt"/>
        <line num="31" count="2" type="cond" truecount="2" falsecount="0"/>
        <line num="32" count="1" type="stmt"/>
        <line num="33" count="1" type="stmt"/>
        <line num="35" count="1" type="stmt"/>
        <line num="36" count="1" type="stmt"/>
        <line num="40" count="4" type="stmt"/>
        <line num="43" count="1" type="stmt"/>
      </file>
      <file name="server.ts" path="C:\Users\Arek\Desktop\react practice\zadanie-rekrutacyjne-brainhub\server\src\server.ts">
        <metrics statements="2" coveredstatements="0" conditionals="0" coveredconditionals="0" methods="0" coveredmethods="0"/>
        <line num="1" count="0" type="stmt"/>
        <line num="3" count="0" type="stmt"/>
      </file>
    </package>
    <package name="src.postEvent">
      <metrics statements="24" coveredstatements="24" conditionals="17" coveredconditionals="15" methods="2" coveredmethods="2"/>
      <file name="postEvent.ts" path="C:\Users\Arek\Desktop\react practice\zadanie-rekrutacyjne-brainhub\server\src\postEvent\postEvent.ts">
        <metrics statements="24" coveredstatements="24" conditionals="17" coveredconditionals="15" methods="2" coveredmethods="2"/>
        <line num="2" count="2" type="stmt"/>
        <line num="3" count="2" type="stmt"/>
        <line num="4" count="2" type="stmt"/>
        <line num="6" count="2" type="stmt"/>
        <line num="15" count="2" type="stmt"/>
        <line num="16" count="9" type="cond" truecount="2" falsecount="0"/>
        <line num="17" count="8" type="cond" truecount="2" falsecount="0"/>
        <line num="18" count="7" type="cond" truecount="2" falsecount="0"/>
        <line num="19" count="6" type="cond" truecount="2" falsecount="0"/>
        <line num="20" count="5" type="cond" truecount="2" falsecount="0"/>
        <line num="21" count="4" type="cond" truecount="2" falsecount="0"/>
        <line num="22" count="2" type="stmt"/>
        <line num="25" count="2" type="cond" truecount="0" falsecount="1"/>
        <line num="26" count="9" type="stmt"/>
        <line num="28" count="9" type="stmt"/>
        <line num="30" count="9" type="cond" truecount="2" falsecount="0"/>
        <line num="31" count="2" type="stmt"/>
        <line num="32" count="2" type="cond" truecount="1" falsecount="1"/>
        <line num="33" count="2" type="stmt"/>
        <line num="35" count="2" type="stmt"/>
        <line num="36" count="2" type="stmt"/>
        <line num="38" count="2" type="stmt"/>
        <line num="40" count="7" type="stmt"/>
        <line num="43" count="2" type="stmt"/>
      </file>
    </package>
    <package name="src.types">
      <metrics statements="0" coveredstatements="0" conditionals="0" coveredconditionals="0" methods="0" coveredmethods="0"/>
      <file name="postEvent.d.ts" path="C:\Users\Arek\Desktop\react practice\zadanie-rekrutacyjne-brainhub\server\src\types\postEvent.d.ts">
        <metrics statements="0" coveredstatements="0" conditionals="0" coveredconditionals="0" methods="0" coveredmethods="0"/>
      </file>
    </package>
    <package name="src.utility">
      <metrics statements="18" coveredstatements="18" conditionals="5" coveredconditionals="3" methods="8" coveredmethods="8"/>
      <file name="databaseInterface.ts" path="C:\Users\Arek\Desktop\react practice\zadanie-rekrutacyjne-brainhub\server\src\utility\databaseInterface.ts">
        <metrics statements="14" coveredstatements="14" conditionals="5" coveredconditionals="3" methods="6" coveredmethods="6"/>
        <line num="1" count="3" type="stmt"/>
        <line num="2" count="3" type="stmt"/>
        <line num="4" count="10" type="cond" truecount="1" falsecount="2"/>
        <line num="6" count="10" type="stmt"/>
        <line num="8" count="3" type="stmt"/>
        <line num="9" count="3" type="stmt"/>
        <line num="14" count="3" type="stmt"/>
        <line num="15" count="1" type="stmt"/>
        <line num="18" count="1" type="stmt"/>
        <line num="23" count="3" type="stmt"/>
        <line num="24" count="10" type="stmt"/>
        <line num="25" count="10" type="cond" truecount="2" falsecount="0"/>
        <line num="26" count="9" type="stmt"/>
        <line num="29" count="10" type="stmt"/>
      </file>
      <file name="emailValidator.ts" path="C:\Users\Arek\Desktop\react practice\zadanie-rekrutacyjne-brainhub\server\src\utility\emailValidator.ts">
        <metrics statements="2" coveredstatements="2" conditionals="0" coveredconditionals="0" methods="1" coveredmethods="1"/>
        <line num="1" count="12" type="stmt"/>
        <line num="3" count="3" type="stmt"/>
      </file>
      <file name="timestampValidator.ts" path="C:\Users\Arek\Desktop\react practice\zadanie-rekrutacyjne-brainhub\server\src\utility\timestampValidator.ts">
        <metrics statements="2" coveredstatements="2" conditionals="0" coveredconditionals="0" methods="1" coveredmethods="1"/>
        <line num="1" count="8" type="stmt"/>
        <line num="3" count="3" type="stmt"/>
      </file>
    </package>
  </project>
</coverage>
