{"C:\\Users\\Arek\\Desktop\\react practice\\zadanie-rekrutacyjne-brainhub\\server\\src\\app.ts": {"path":"C:\\Users\\Arek\\Desktop\\react practice\\zadanie-rekrutacyjne-brainhub\\server\\src\\app.ts","statementMap":{"0":{"start":{"line":1,"column":0},"end":{"line":1,"column":24}},"1":{"start":{"line":2,"column":0},"end":{"line":2,"column":30}},"2":{"start":{"line":3,"column":0},"end":{"line":3,"column":24}},"3":{"start":{"line":4,"column":0},"end":{"line":4,"column":96}},"4":{"start":{"line":5,"column":0},"end":{"line":5,"column":63}},"5":{"start":{"line":7,"column":18},"end":{"line":41,"column":1}},"6":{"start":{"line":9,"column":16},"end":{"line":9,"column":25}},"7":{"start":{"line":10,"column":15},"end":{"line":10,"column":46}},"8":{"start":{"line":11,"column":4},"end":{"line":11,"column":29}},"9":{"start":{"line":12,"column":4},"end":{"line":12,"column":22}},"10":{"start":{"line":15,"column":4},"end":{"line":19,"column":7}},"11":{"start":{"line":16,"column":8},"end":{"line":16,"column":60}},"12":{"start":{"line":17,"column":8},"end":{"line":17,"column":106}},"13":{"start":{"line":18,"column":8},"end":{"line":18,"column":15}},"14":{"start":{"line":22,"column":4},"end":{"line":22,"column":20}},"15":{"start":{"line":23,"column":4},"end":{"line":23,"column":71}},"16":{"start":{"line":24,"column":4},"end":{"line":24,"column":38}},"17":{"start":{"line":27,"column":4},"end":{"line":27,"column":52}},"18":{"start":{"line":28,"column":4},"end":{"line":28,"column":28}},"19":{"start":{"line":29,"column":4},"end":{"line":38,"column":7}},"20":{"start":{"line":30,"column":23},"end":{"line":30,"column":77}},"21":{"start":{"line":31,"column":8},"end":{"line":37,"column":null}},"22":{"start":{"line":32,"column":12},"end":{"line":32,"column":38}},"23":{"start":{"line":33,"column":12},"end":{"line":33,"column":30}},"24":{"start":{"line":35,"column":12},"end":{"line":35,"column":38}},"25":{"start":{"line":36,"column":12},"end":{"line":36,"column":34}},"26":{"start":{"line":40,"column":4},"end":{"line":40,"column":15}},"27":{"start":{"line":43,"column":0},"end":{"line":43,"column":25}}},"fnMap":{"0":{"name":"(anonymous_1)","decl":{"start":{"line":7,"column":18},"end":{"line":7,"column":19}},"loc":{"start":{"line":7,"column":57},"end":{"line":41,"column":1}}},"1":{"name":"(anonymous_2)","decl":{"start":{"line":15,"column":12},"end":{"line":15,"column":13}},"loc":{"start":{"line":15,"column":40},"end":{"line":19,"column":5}}},"2":{"name":"(anonymous_3)","decl":{"start":{"line":29,"column":30},"end":{"line":29,"column":31}},"loc":{"start":{"line":29,"column":52},"end":{"line":38,"column":5}}}},"branchMap":{"0":{"loc":{"start":{"line":7,"column":48},"end":{"line":7,"column":53}},"type":"default-arg","locations":[{"start":{"line":7,"column":48},"end":{"line":7,"column":53}}]},"1":{"loc":{"start":{"line":31,"column":8},"end":{"line":37,"column":null}},"type":"if","locations":[{"start":{"line":31,"column":8},"end":{"line":37,"column":null}},{"start":{"line":31,"column":8},"end":{"line":37,"column":null}}]}},"s":{"0":1,"1":1,"2":1,"3":1,"4":1,"5":1,"6":4,"7":4,"8":4,"9":4,"10":4,"11":4,"12":4,"13":4,"14":4,"15":4,"16":4,"17":4,"18":4,"19":4,"20":2,"21":2,"22":1,"23":1,"24":1,"25":1,"26":4,"27":1},"f":{"0":4,"1":4,"2":2},"b":{"0":[0],"1":[1,1]}}
,"C:\\Users\\Arek\\Desktop\\react practice\\zadanie-rekrutacyjne-brainhub\\server\\src\\server.ts": {"path":"C:\\Users\\Arek\\Desktop\\react practice\\zadanie-rekrutacyjne-brainhub\\server\\src\\server.ts","statementMap":{"0":{"start":{"line":1,"column":0},"end":{"line":1,"column":30}},"1":{"start":{"line":3,"column":0},"end":{"line":3,"column":25}}},"fnMap":{},"branchMap":{},"s":{"0":0,"1":0},"f":{},"b":{}}
,"C:\\Users\\Arek\\Desktop\\react practice\\zadanie-rekrutacyjne-brainhub\\server\\src\\postEvent\\postEvent.ts": {"path":"C:\\Users\\Arek\\Desktop\\react practice\\zadanie-rekrutacyjne-brainhub\\server\\src\\postEvent\\postEvent.ts","statementMap":{"0":{"start":{"line":2,"column":0},"end":{"line":2,"column":107}},"1":{"start":{"line":3,"column":0},"end":{"line":3,"column":54}},"2":{"start":{"line":4,"column":0},"end":{"line":4,"column":62}},"3":{"start":{"line":6,"column":13},"end":{"line":13,"column":2}},"4":{"start":{"line":15,"column":26},"end":{"line":23,"column":1}},"5":{"start":{"line":16,"column":4},"end":{"line":16,"column":61}},"6":{"start":{"line":16,"column":30},"end":{"line":16,"column":61}},"7":{"start":{"line":17,"column":4},"end":{"line":17,"column":59}},"8":{"start":{"line":17,"column":29},"end":{"line":17,"column":59}},"9":{"start":{"line":18,"column":4},"end":{"line":18,"column":53}},"10":{"start":{"line":18,"column":26},"end":{"line":18,"column":53}},"11":{"start":{"line":19,"column":4},"end":{"line":19,"column":51}},"12":{"start":{"line":19,"column":25},"end":{"line":19,"column":51}},"13":{"start":{"line":20,"column":4},"end":{"line":20,"column":80}},"14":{"start":{"line":20,"column":51},"end":{"line":20,"column":80}},"15":{"start":{"line":21,"column":4},"end":{"line":21,"column":82}},"16":{"start":{"line":21,"column":54},"end":{"line":21,"column":82}},"17":{"start":{"line":22,"column":4},"end":{"line":22,"column":16}},"18":{"start":{"line":25,"column":35},"end":{"line":41,"column":1}},"19":{"start":{"line":26,"column":22},"end":{"line":26,"column":34}},"20":{"start":{"line":28,"column":31},"end":{"line":28,"column":59}},"21":{"start":{"line":30,"column":4},"end":{"line":39,"column":null}},"22":{"start":{"line":31,"column":19},"end":{"line":31,"column":42}},"23":{"start":{"line":32,"column":8},"end":{"line":34,"column":null}},"24":{"start":{"line":33,"column":12},"end":{"line":33,"column":37}},"25":{"start":{"line":35,"column":8},"end":{"line":35,"column":45}},"26":{"start":{"line":36,"column":8},"end":{"line":36,"column":26}},"27":{"start":{"line":38,"column":8},"end":{"line":38,"column":20}},"28":{"start":{"line":40,"column":4},"end":{"line":40,"column":30}},"29":{"start":{"line":43,"column":0},"end":{"line":43,"column":42}}},"fnMap":{"0":{"name":"(anonymous_1)","decl":{"start":{"line":15,"column":26},"end":{"line":15,"column":27}},"loc":{"start":{"line":15,"column":63},"end":{"line":23,"column":1}}},"1":{"name":"(anonymous_2)","decl":{"start":{"line":25,"column":35},"end":{"line":25,"column":36}},"loc":{"start":{"line":25,"column":102},"end":{"line":41,"column":1}}}},"branchMap":{"0":{"loc":{"start":{"line":16,"column":4},"end":{"line":16,"column":61}},"type":"if","locations":[{"start":{"line":16,"column":4},"end":{"line":16,"column":61}},{"start":{"line":16,"column":4},"end":{"line":16,"column":61}}]},"1":{"loc":{"start":{"line":17,"column":4},"end":{"line":17,"column":59}},"type":"if","locations":[{"start":{"line":17,"column":4},"end":{"line":17,"column":59}},{"start":{"line":17,"column":4},"end":{"line":17,"column":59}}]},"2":{"loc":{"start":{"line":18,"column":4},"end":{"line":18,"column":53}},"type":"if","locations":[{"start":{"line":18,"column":4},"end":{"line":18,"column":53}},{"start":{"line":18,"column":4},"end":{"line":18,"column":53}}]},"3":{"loc":{"start":{"line":19,"column":4},"end":{"line":19,"column":51}},"type":"if","locations":[{"start":{"line":19,"column":4},"end":{"line":19,"column":51}},{"start":{"line":19,"column":4},"end":{"line":19,"column":51}}]},"4":{"loc":{"start":{"line":20,"column":4},"end":{"line":20,"column":80}},"type":"if","locations":[{"start":{"line":20,"column":4},"end":{"line":20,"column":80}},{"start":{"line":20,"column":4},"end":{"line":20,"column":80}}]},"5":{"loc":{"start":{"line":21,"column":4},"end":{"line":21,"column":82}},"type":"if","locations":[{"start":{"line":21,"column":4},"end":{"line":21,"column":82}},{"start":{"line":21,"column":4},"end":{"line":21,"column":82}}]},"6":{"loc":{"start":{"line":25,"column":75},"end":{"line":25,"column":80}},"type":"default-arg","locations":[{"start":{"line":25,"column":75},"end":{"line":25,"column":80}}]},"7":{"loc":{"start":{"line":30,"column":4},"end":{"line":39,"column":null}},"type":"if","locations":[{"start":{"line":30,"column":4},"end":{"line":39,"column":null}},{"start":{"line":30,"column":4},"end":{"line":39,"column":null}}]},"8":{"loc":{"start":{"line":32,"column":8},"end":{"line":34,"column":null}},"type":"if","locations":[{"start":{"line":32,"column":8},"end":{"line":34,"column":null}},{"start":{"line":32,"column":8},"end":{"line":34,"column":null}}]}},"s":{"0":2,"1":2,"2":2,"3":2,"4":2,"5":9,"6":1,"7":8,"8":1,"9":7,"10":1,"11":6,"12":1,"13":5,"14":1,"15":4,"16":2,"17":2,"18":2,"19":9,"20":9,"21":9,"22":2,"23":2,"24":2,"25":2,"26":2,"27":2,"28":7,"29":2},"f":{"0":9,"1":9},"b":{"0":[1,8],"1":[1,7],"2":[1,6],"3":[1,5],"4":[1,4],"5":[2,2],"6":[0],"7":[2,7],"8":[2,0]}}
,"C:\\Users\\Arek\\Desktop\\react practice\\zadanie-rekrutacyjne-brainhub\\server\\src\\types\\postEvent.d.ts": {"path":"C:\\Users\\Arek\\Desktop\\react practice\\zadanie-rekrutacyjne-brainhub\\server\\src\\types\\postEvent.d.ts","statementMap":{},"fnMap":{},"branchMap":{},"s":{},"f":{},"b":{},"inputSourceMap":null}
,"C:\\Users\\Arek\\Desktop\\react practice\\zadanie-rekrutacyjne-brainhub\\server\\src\\utility\\databaseInterface.ts": {"path":"C:\\Users\\Arek\\Desktop\\react practice\\zadanie-rekrutacyjne-brainhub\\server\\src\\utility\\databaseInterface.ts","statementMap":{"0":{"start":{"line":1,"column":0},"end":{"line":1,"column":24}},"1":{"start":{"line":2,"column":0},"end":{"line":2,"column":57}},"2":{"start":{"line":4,"column":28},"end":{"line":4,"column":135}},"3":{"start":{"line":4,"column":60},"end":{"line":4,"column":135}},"4":{"start":{"line":4,"column":13},"end":{"line":4,"column":28}},"5":{"start":{"line":6,"column":29},"end":{"line":6,"column":57}},"6":{"start":{"line":6,"column":47},"end":{"line":6,"column":57}},"7":{"start":{"line":6,"column":13},"end":{"line":6,"column":29}},"8":{"start":{"line":8,"column":24},"end":{"line":12,"column":1}},"9":{"start":{"line":9,"column":4},"end":{"line":11,"column":7}},"10":{"start":{"line":8,"column":13},"end":{"line":8,"column":24}},"11":{"start":{"line":14,"column":25},"end":{"line":21,"column":11}},"12":{"start":{"line":15,"column":4},"end":{"line":21,"column":11}},"13":{"start":{"line":18,"column":20},"end":{"line":20,"column":null}},"14":{"start":{"line":14,"column":13},"end":{"line":14,"column":25}},"15":{"start":{"line":23,"column":36},"end":{"line":30,"column":1}},"16":{"start":{"line":24,"column":24},"end":{"line":24,"column":136}},"17":{"start":{"line":25,"column":4},"end":{"line":27,"column":null}},"18":{"start":{"line":26,"column":8},"end":{"line":26,"column":137}},"19":{"start":{"line":29,"column":4},"end":{"line":29,"column":24}},"20":{"start":{"line":23,"column":13},"end":{"line":23,"column":36}}},"fnMap":{"0":{"name":"(anonymous_1)","decl":{"start":{"line":4,"column":28},"end":{"line":4,"column":29}},"loc":{"start":{"line":4,"column":60},"end":{"line":4,"column":135}}},"1":{"name":"(anonymous_2)","decl":{"start":{"line":6,"column":29},"end":{"line":6,"column":30}},"loc":{"start":{"line":6,"column":47},"end":{"line":6,"column":57}}},"2":{"name":"(anonymous_3)","decl":{"start":{"line":8,"column":24},"end":{"line":8,"column":25}},"loc":{"start":{"line":8,"column":59},"end":{"line":12,"column":1}}},"3":{"name":"(anonymous_4)","decl":{"start":{"line":14,"column":25},"end":{"line":14,"column":26}},"loc":{"start":{"line":15,"column":4},"end":{"line":21,"column":11}}},"4":{"name":"(anonymous_5)","decl":{"start":{"line":18,"column":13},"end":{"line":18,"column":16}},"loc":{"start":{"line":18,"column":20},"end":{"line":20,"column":null}}},"5":{"name":"(anonymous_6)","decl":{"start":{"line":23,"column":36},"end":{"line":23,"column":37}},"loc":{"start":{"line":23,"column":53},"end":{"line":30,"column":1}}}},"branchMap":{"0":{"loc":{"start":{"line":4,"column":50},"end":{"line":4,"column":55}},"type":"default-arg","locations":[{"start":{"line":4,"column":50},"end":{"line":4,"column":55}}]},"1":{"loc":{"start":{"line":4,"column":91},"end":{"line":4,"column":129}},"type":"cond-expr","locations":[{"start":{"line":4,"column":91},"end":{"line":4,"column":129}},{"start":{"line":4,"column":132},"end":{"line":4,"column":134}}]},"2":{"loc":{"start":{"line":25,"column":4},"end":{"line":27,"column":null}},"type":"if","locations":[{"start":{"line":25,"column":4},"end":{"line":27,"column":null}},{"start":{"line":25,"column":4},"end":{"line":27,"column":null}}]}},"s":{"0":3,"1":3,"2":3,"3":10,"4":3,"5":3,"6":10,"7":3,"8":3,"9":3,"10":3,"11":3,"12":1,"13":1,"14":3,"15":3,"16":10,"17":10,"18":9,"19":10,"20":3},"f":{"0":10,"1":10,"2":3,"3":1,"4":1,"5":10},"b":{"0":[0],"1":[0,10],"2":[9,1]}}
,"C:\\Users\\Arek\\Desktop\\react practice\\zadanie-rekrutacyjne-brainhub\\server\\src\\utility\\emailValidator.ts": {"path":"C:\\Users\\Arek\\Desktop\\react practice\\zadanie-rekrutacyjne-brainhub\\server\\src\\utility\\emailValidator.ts","statementMap":{"0":{"start":{"line":1,"column":22},"end":{"line":1,"column":97}},"1":{"start":{"line":1,"column":41},"end":{"line":1,"column":97}},"2":{"start":{"line":3,"column":0},"end":{"line":3,"column":29}}},"fnMap":{"0":{"name":"(anonymous_0)","decl":{"start":{"line":1,"column":22},"end":{"line":1,"column":23}},"loc":{"start":{"line":1,"column":41},"end":{"line":1,"column":97}}}},"branchMap":{},"s":{"0":3,"1":12,"2":3},"f":{"0":12},"b":{}}
,"C:\\Users\\Arek\\Desktop\\react practice\\zadanie-rekrutacyjne-brainhub\\server\\src\\utility\\timestampValidator.ts": {"path":"C:\\Users\\Arek\\Desktop\\react practice\\zadanie-rekrutacyjne-brainhub\\server\\src\\utility\\timestampValidator.ts","statementMap":{"0":{"start":{"line":1,"column":26},"end":{"line":1,"column":93}},"1":{"start":{"line":1,"column":58},"end":{"line":1,"column":93}},"2":{"start":{"line":3,"column":0},"end":{"line":3,"column":33}}},"fnMap":{"0":{"name":"(anonymous_0)","decl":{"start":{"line":1,"column":26},"end":{"line":1,"column":27}},"loc":{"start":{"line":1,"column":58},"end":{"line":1,"column":93}}}},"branchMap":{},"s":{"0":3,"1":8,"2":3},"f":{"0":8},"b":{}}
}
