TN:
SF:src\app.ts
FN:7,(anonymous_1)
FN:15,(anonymous_2)
FN:29,(anonymous_3)
FNF:3
FNH:3
FNDA:4,(anonymous_1)
FNDA:4,(anonymous_2)
FNDA:2,(anonymous_3)
DA:1,1
DA:2,1
DA:3,1
DA:4,1
DA:5,1
DA:7,1
DA:9,4
DA:10,4
DA:11,4
DA:12,4
DA:15,4
DA:16,4
DA:17,4
DA:18,4
DA:22,4
DA:23,4
DA:24,4
DA:27,4
DA:28,4
DA:29,4
DA:30,2
DA:31,2
DA:32,1
DA:33,1
DA:35,1
DA:36,1
DA:40,4
DA:43,1
LF:28
LH:28
BRDA:7,0,0,0
BRDA:31,1,0,1
BRDA:31,1,1,1
BRF:3
BRH:2
end_of_record
TN:
SF:src\server.ts
FNF:0
FNH:0
DA:1,0
DA:3,0
LF:2
LH:0
BRF:0
BRH:0
end_of_record
TN:
SF:src\postEvent\postEvent.ts
FN:15,(anonymous_1)
FN:25,(anonymous_2)
FNF:2
FNH:2
FNDA:9,(anonymous_1)
FNDA:9,(anonymous_2)
DA:2,2
DA:3,2
DA:4,2
DA:6,2
DA:15,2
DA:16,9
DA:17,8
DA:18,7
DA:19,6
DA:20,5
DA:21,4
DA:22,2
DA:25,2
DA:26,9
DA:28,9
DA:30,9
DA:31,2
DA:32,2
DA:33,2
DA:35,2
DA:36,2
DA:38,2
DA:40,7
DA:43,2
LF:24
LH:24
BRDA:16,0,0,1
BRDA:16,0,1,8
BRDA:17,1,0,1
BRDA:17,1,1,7
BRDA:18,2,0,1
BRDA:18,2,1,6
BRDA:19,3,0,1
BRDA:19,3,1,5
BRDA:20,4,0,1
BRDA:20,4,1,4
BRDA:21,5,0,2
BRDA:21,5,1,2
BRDA:25,6,0,0
BRDA:30,7,0,2
BRDA:30,7,1,7
BRDA:32,8,0,2
BRDA:32,8,1,0
BRF:17
BRH:15
end_of_record
TN:
SF:src\types\postEvent.d.ts
FNF:0
FNH:0
LF:0
LH:0
BRF:0
BRH:0
end_of_record
TN:
SF:src\utility\databaseInterface.ts
FN:4,(anonymous_1)
FN:6,(anonymous_2)
FN:8,(anonymous_3)
FN:14,(anonymous_4)
FN:18,(anonymous_5)
FN:23,(anonymous_6)
FNF:6
FNH:6
FNDA:10,(anonymous_1)
FNDA:10,(anonymous_2)
FNDA:3,(anonymous_3)
FNDA:1,(anonymous_4)
FNDA:1,(anonymous_5)
FNDA:10,(anonymous_6)
DA:1,3
DA:2,3
DA:4,10
DA:6,10
DA:8,3
DA:9,3
DA:14,3
DA:15,1
DA:18,1
DA:23,3
DA:24,10
DA:25,10
DA:26,9
DA:29,10
LF:14
LH:14
BRDA:4,0,0,0
BRDA:4,1,0,0
BRDA:4,1,1,10
BRDA:25,2,0,9
BRDA:25,2,1,1
BRF:5
BRH:3
end_of_record
TN:
SF:src\utility\emailValidator.ts
FN:1,(anonymous_0)
FNF:1
FNH:1
FNDA:12,(anonymous_0)
DA:1,12
DA:3,3
LF:2
LH:2
BRF:0
BRH:0
end_of_record
TN:
SF:src\utility\timestampValidator.ts
FN:1,(anonymous_0)
FNF:1
FNH:1
FNDA:8,(anonymous_0)
DA:1,8
DA:3,3
LF:2
LH:2
BRF:0
BRH:0
end_of_record
